#
# A fatal error has been detected by the Java Runtime Environment:
#
#  SIGSEGV (0xb) at pc=0x00007fff8c36df49, pid=63709, tid=28167
#
# JRE version: Java(TM) SE Runtime Environment (7.0_71-b14) (build 1.7.0_71-b14)
# Java VM: Java HotSpot(TM) 64-Bit Server VM (24.71-b01 mixed mode bsd-amd64 compressed oops)
# Problematic frame:
# C  [libsystem_platform.dylib+0x4f49]  _platform_memmove$VARIANT$Haswell+0x29
#
# Failed to write core dump. Core dumps have been disabled. To enable core dumping, try "ulimit -c unlimited" before starting Java again
#
# If you would like to submit a bug report, please visit:
#   http://bugreport.sun.com/bugreport/crash.jsp
# The crash happened outside the Java Virtual Machine in native code.
# See problematic frame for where to report the bug.
#

---------------  T H R E A D  ---------------

Current thread (0x00007fef16aae800):  JavaThread "Daemon worker Thread 2" [_thread_in_native, id=28167, stack(0x0000700001250000,0x0000700001350000)]

siginfo:si_signo=SIGSEGV: si_errno=0, si_code=1 (SEGV_MAPERR), si_addr=0x0000000113538000

Registers:
RAX=0x00007fef18afce00, RBX=0x0000000113537295, RCX=0x0000000000006532, RDX=0x000000000000726f
RSP=0x000070000134be70, RBP=0x000070000134be70, RSI=0x0000000113538000, RDI=0x00007fef18afdb3d
R8 =0x0000000000000000, R9 =0x0000000000000096, R10=0x00000000b4774941, R11=0x00007fee055c5b3d
R12=0x000000006f72502e, R13=0x0000000048447730, R14=0x0000000073736563, R15=0x0000000000004b50
RIP=0x00007fff8c36df49, EFLAGS=0x0000000000010206, ERR=0x0000000000000004
  TRAPNO=0x000000000000000e

Top of Stack: (sp=0x000070000134be70)
0x000070000134be70:   000070000134bee0 000000010a6a022b
0x000070000134be80:   00000050f1c7b0a0 000000000000004b
0x000070000134be90:   0000000000000201 00007fef18afce00
0x000070000134bea0:   000000000000726f 00007fef1742cb60
0x000070000134beb0:   00007fef171f18f0 00000000497fa543
0x000070000134bec0:   00000000000000c0 00007fef1742cd00
0x000070000134bed0:   00007fef1742cb60 00007fef17531520
0x000070000134bee0:   000070000134bf30 000000010a6a0725
0x000070000134bef0:   0000000000000037 0000003716aae800
0x000070000134bf00:   000070000134bf4e 000070000134c398
0x000070000134bf10:   0000000000000037 000070000134bf4e
0x000070000134bf20:   00007fef1742cb60 00007fef16aae9e8
0x000070000134bf30:   000070000134c380 000000010a69f570
0x000070000134bf40:   0000007d0134c028 454d700000000001
0x000070000134bf50:   732f464e492d4154 2f73656369767265
0x000070000134bf60:   6e612e786176616a 6e6f697461746f6e
0x000070000134bf70:   737365636f72702e 636f72502e676e69
0x000070000134bf80:   000000726f737365 0000000109ead92d
0x000070000134bf90:   000070000134bf90 00000007b060cbd8
0x000070000134bfa0:   000070000134bfe0 00000007b060cfb0
0x000070000134bfb0:   0000000000000000 00000007b060cbe8
0x000070000134bfc0:   000070000134c030 000000010a6ac8e1
0x000070000134bfd0:   000070000134c030 000000010a6ac8e1
0x000070000134bfe0:   00000007f1c7b370 00000007f1c7b358
0x000070000134bff0:   000070000134bff0 00000007b060ed1c
0x000070000134c000:   000070000134c048 00000007b060f2f8
0x000070000134c010:   0000000000000000 00000007b060ed30
0x000070000134c020:   0000000000000000 000070000134c040
0x000070000134c030:   000070000134c098 000000010a6ac058
0x000070000134c040:   00000007c006a488 00000007ffffffff
0x000070000134c050:   0000000000000000 000070000134c058
0x000070000134c060:   00000007f1c7eb80 000070000134c0a8 

Instructions: (pc=0x00007fff8c36df49)
0x00007fff8c36df29:   f3 48 89 f8 49 39 d3 72 1b 48 83 fa 60 76 2f 48
0x00007fff8c36df39:   81 fa 00 40 00 00 0f 82 bb 00 00 00 48 89 d1 fc
0x00007fff8c36df49:   f3 a4 5d c3 48 39 fe 74 f9 48 01 d6 48 01 d7 48
0x00007fff8c36df59:   83 fa 60 0f 82 5c 01 00 00 e9 79 01 00 00 48 83 

Register to memory mapping:

RAX=0x00007fef18afce00 is an unknown value
RBX=0x0000000113537295 is an unknown value
RCX=0x0000000000006532 is an unknown value
RDX=0x000000000000726f is an unknown value
RSP=0x000070000134be70 is pointing into the stack for thread: 0x00007fef16aae800
RBP=0x000070000134be70 is pointing into the stack for thread: 0x00007fef16aae800
RSI=0x0000000113538000 is an unknown value
RDI=0x00007fef18afdb3d is an unknown value
R8 =0x0000000000000000 is an unknown value
R9 =0x0000000000000096 is an unknown value
R10=0x00000000b4774941 is an unknown value
R11=0x00007fee055c5b3d is an unknown value
R12=0x000000006f72502e is an unknown value
R13=0x0000000048447730 is an unknown value
R14=0x0000000073736563 is an unknown value
R15=0x0000000000004b50 is an unknown value


Stack: [0x0000700001250000,0x0000700001350000],  sp=0x000070000134be70,  free space=1007k
Native frames: (J=compiled Java code, j=interpreted, Vv=VM code, C=native code)
C  [libsystem_platform.dylib+0x4f49]  _platform_memmove$VARIANT$Haswell+0x29
C  [libzip.dylib+0x322b]  newEntry+0x2c8
C  [libzip.dylib+0x3725]  ZIP_GetEntry+0xa2
C  [libzip.dylib+0x2570]  Java_java_util_zip_ZipFile_getEntry+0xdd
J 63  java.util.zip.ZipFile.getEntry(J[BZ)J (0 bytes) @ 0x000000010a7267ce [0x000000010a726700+0xce]

Java frames: (J=compiled Java code, j=interpreted, Vv=VM code)
J 63  java.util.zip.ZipFile.getEntry(J[BZ)J (0 bytes) @ 0x000000010a726758 [0x000000010a726700+0x58]
J 1380 C2 java.util.zip.ZipFile.getEntry(Ljava/lang/String;)Ljava/util/zip/ZipEntry; (86 bytes) @ 0x000000010abf1928 [0x000000010abf1600+0x328]
J 1382 C2 java.util.jar.JarFile.getEntry(Ljava/lang/String;)Ljava/util/zip/ZipEntry; (22 bytes) @ 0x000000010abe7b18 [0x000000010abe7ae0+0x38]
j  sun.net.www.protocol.jar.URLJarFile.getEntry(Ljava/lang/String;)Ljava/util/zip/ZipEntry;+2
j  sun.net.www.protocol.jar.JarURLConnection.connect()V+62
j  sun.net.www.protocol.jar.JarURLConnection.getInputStream()Ljava/io/InputStream;+1
j  java.net.URL.openStream()Ljava/io/InputStream;+4
j  java.util.ServiceLoader.parse(Ljava/lang/Class;Ljava/net/URL;)Ljava/util/Iterator;+15
j  java.util.ServiceLoader.access$200(Ljava/util/ServiceLoader;Ljava/lang/Class;Ljava/net/URL;)Ljava/util/Iterator;+3
j  java.util.ServiceLoader$LazyIterator.hasNext()Z+140
j  java.util.ServiceLoader$1.hasNext()Z+21
j  com.sun.tools.javac.processing.JavacProcessingEnvironment$ServiceIterator.hasNext()Z+4
j  com.sun.tools.javac.processing.JavacProcessingEnvironment$DiscoveredProcessors$ProcessorStateIterator.hasNext()Z+39
j  com.sun.tools.javac.processing.JavacProcessingEnvironment.atLeastOneProcessor()Z+7
j  com.sun.tools.javac.main.JavaCompiler.initProcessAnnotations(Ljava/lang/Iterable;)V+52
j  com.sun.tools.javac.main.JavaCompiler.compile(Lcom/sun/tools/javac/util/List;Lcom/sun/tools/javac/util/List;Ljava/lang/Iterable;)V+127
j  com.sun.tools.javac.main.Main.compile([Ljava/lang/String;[Ljava/lang/String;Lcom/sun/tools/javac/util/Context;Lcom/sun/tools/javac/util/List;Ljava/lang/Iterable;)I+761
j  com.sun.tools.javac.api.JavacTaskImpl.call()Ljava/lang/Boolean;+59
j  org.gradle.api.internal.tasks.compile.JdkJavaCompiler.execute(Lorg/gradle/api/internal/tasks/compile/JavaCompileSpec;)Lorg/gradle/api/tasks/WorkResult;+17
j  org.gradle.api.internal.tasks.compile.JdkJavaCompiler.execute(Lorg/gradle/language/base/internal/compile/CompileSpec;)Lorg/gradle/api/tasks/WorkResult;+5
j  org.gradle.api.internal.tasks.compile.NormalizingJavaCompiler.delegateAndHandleErrors(Lorg/gradle/api/internal/tasks/compile/JavaCompileSpec;)Lorg/gradle/api/tasks/WorkResult;+5
j  org.gradle.api.internal.tasks.compile.NormalizingJavaCompiler.execute(Lorg/gradle/api/internal/tasks/compile/JavaCompileSpec;)Lorg/gradle/api/tasks/WorkResult;+27
j  org.gradle.api.internal.tasks.compile.NormalizingJavaCompiler.execute(Lorg/gradle/language/base/internal/compile/CompileSpec;)Lorg/gradle/api/tasks/WorkResult;+5
j  org.gradle.api.internal.tasks.compile.CleaningJavaCompilerSupport.execute(Lorg/gradle/api/internal/tasks/compile/JavaCompileSpec;)Lorg/gradle/api/tasks/WorkResult;+37
j  org.gradle.api.internal.tasks.compile.CleaningJavaCompilerSupport.execute(Lorg/gradle/language/base/internal/compile/CompileSpec;)Lorg/gradle/api/tasks/WorkResult;+5
j  org.gradle.api.internal.tasks.compile.incremental.IncrementalCompilationFinalizer.execute(Lorg/gradle/api/internal/tasks/compile/JavaCompileSpec;)Lorg/gradle/api/tasks/WorkResult;+5
j  org.gradle.api.internal.tasks.compile.incremental.IncrementalCompilationFinalizer.execute(Lorg/gradle/language/base/internal/compile/CompileSpec;)Lorg/gradle/api/tasks/WorkResult;+5
j  org.gradle.api.tasks.compile.JavaCompile.performCompilation(Lorg/gradle/api/internal/tasks/compile/JavaCompileSpec;Lorg/gradle/language/base/internal/compile/Compiler;)V+2
j  org.gradle.api.tasks.compile.JavaCompile.compile(Lorg/gradle/api/tasks/incremental/IncrementalTaskInputs;)V+100
j  com.android.build.gradle.tasks.factory.AndroidJavaCompile.compile(Lorg/gradle/api/tasks/incremental/IncrementalTaskInputs;)V+31
v  ~StubRoutines::call_stub
j  sun.reflect.NativeMethodAccessorImpl.invoke0(Ljava/lang/reflect/Method;Ljava/lang/Object;[Ljava/lang/Object;)Ljava/lang/Object;+0
j  sun.reflect.NativeMethodAccessorImpl.invoke(Ljava/lang/Object;[Ljava/lang/Object;)Ljava/lang/Object;+87
J 1270 C2 java.lang.reflect.Method.invoke(Ljava/lang/Object;[Ljava/lang/Object;)Ljava/lang/Object; (63 bytes) @ 0x000000010aa6d130 [0x000000010aa6d0a0+0x90]
j  org.gradle.internal.reflect.JavaMethod.invoke(Ljava/lang/Object;[Ljava/lang/Object;)Ljava/lang/Object;+6
j  org.gradle.api.internal.project.taskfactory.AnnotationProcessingTaskFactory$IncrementalTaskAction.doExecute(Lorg/gradle/api/Task;Ljava/lang/String;)V+35
j  org.gradle.api.internal.project.taskfactory.AnnotationProcessingTaskFactory$StandardTaskAction.execute(Lorg/gradle/api/Task;)V+32
j  org.gradle.api.internal.project.taskfactory.AnnotationProcessingTaskFactory$IncrementalTaskAction.execute(Lorg/gradle/api/Task;)V+2
j  org.gradle.api.internal.project.taskfactory.AnnotationProcessingTaskFactory$StandardTaskAction.execute(Ljava/lang/Object;)V+5
j  org.gradle.api.internal.tasks.execution.ExecuteActionsTaskExecuter.executeAction(Lorg/gradle/api/internal/TaskInternal;Lorg/gradle/api/internal/tasks/ContextAwareTaskAction;Lorg/gradle/api/internal/tasks/TaskExecutionContext;)V+9
j  org.gradle.api.internal.tasks.execution.ExecuteActionsTaskExecuter.executeActions(Lorg/gradle/api/internal/TaskInternal;Lorg/gradle/api/internal/tasks/TaskStateInternal;Lorg/gradle/api/internal/tasks/TaskExecutionContext;)Lorg/gradle/api/GradleException;+79
j  org.gradle.api.internal.tasks.execution.ExecuteActionsTaskExecuter.execute(Lorg/gradle/api/internal/TaskInternal;Lorg/gradle/api/internal/tasks/TaskStateInternal;Lorg/gradle/api/internal/tasks/TaskExecutionContext;)V+19
j  org.gradle.api.internal.tasks.execution.PostExecutionAnalysisTaskExecuter.execute(Lorg/gradle/api/internal/TaskInternal;Lorg/gradle/api/internal/tasks/TaskStateInternal;Lorg/gradle/api/internal/tasks/TaskExecutionContext;)V+7
j  org.gradle.api.internal.tasks.execution.SkipUpToDateTaskExecuter.execute(Lorg/gradle/api/internal/TaskInternal;Lorg/gradle/api/internal/tasks/TaskStateInternal;Lorg/gradle/api/internal/tasks/TaskExecutionContext;)V+133
j  org.gradle.api.internal.tasks.execution.ValidatingTaskExecuter.execute(Lorg/gradle/api/internal/TaskInternal;Lorg/gradle/api/internal/tasks/TaskStateInternal;Lorg/gradle/api/internal/tasks/TaskExecutionContext;)V+215
j  org.gradle.api.internal.tasks.execution.SkipEmptySourceFilesTaskExecuter.execute(Lorg/gradle/api/internal/TaskInternal;Lorg/gradle/api/internal/tasks/TaskStateInternal;Lorg/gradle/api/internal/tasks/TaskExecutionContext;)V+111
j  org.gradle.api.internal.tasks.execution.SkipTaskWithNoActionsExecuter.execute(Lorg/gradle/api/internal/TaskInternal;Lorg/gradle/api/internal/tasks/TaskStateInternal;Lorg/gradle/api/internal/tasks/TaskExecutionContext;)V+110
j  org.gradle.api.internal.tasks.execution.SkipOnlyIfTaskExecuter.execute(Lorg/gradle/api/internal/TaskInternal;Lorg/gradle/api/internal/tasks/TaskStateInternal;Lorg/gradle/api/internal/tasks/TaskExecutionContext;)V+84
j  org.gradle.api.internal.tasks.execution.ExecuteAtMostOnceTaskExecuter.execute(Lorg/gradle/api/internal/TaskInternal;Lorg/gradle/api/internal/tasks/TaskStateInternal;Lorg/gradle/api/internal/tasks/TaskExecutionContext;)V+26
j  org.gradle.execution.taskgraph.DefaultTaskGraphExecuter$EventFiringTaskWorker.execute(Lorg/gradle/api/internal/TaskInternal;)V+106
j  org.gradle.execution.taskgraph.DefaultTaskGraphExecuter$EventFiringTaskWorker.execute(Ljava/lang/Object;)V+5
j  org.gradle.execution.taskgraph.AbstractTaskPlanExecutor$TaskExecutorWorker.processTask(Lorg/gradle/execution/taskgraph/TaskInfo;)V+8
j  org.gradle.execution.taskgraph.AbstractTaskPlanExecutor$TaskExecutorWorker.run()V+56
j  org.gradle.execution.taskgraph.DefaultTaskPlanExecutor.process(Lorg/gradle/execution/taskgraph/TaskExecutionPlan;Lorg/gradle/api/Action;)V+6
j  org.gradle.execution.taskgraph.DefaultTaskGraphExecuter.execute()V+65
j  org.gradle.execution.SelectedTaskExecutionAction.execute(Lorg/gradle/execution/BuildExecutionContext;)V+55
j  org.gradle.execution.DefaultBuildExecuter.execute(Lorg/gradle/api/internal/GradleInternal;I)V+37
j  org.gradle.execution.DefaultBuildExecuter.access$000(Lorg/gradle/execution/DefaultBuildExecuter;Lorg/gradle/api/internal/GradleInternal;I)V+3
j  org.gradle.execution.DefaultBuildExecuter$1.proceed()V+14
j  org.gradle.execution.DryRunBuildExecutionAction.execute(Lorg/gradle/execution/BuildExecutionContext;)V+68
j  org.gradle.execution.DefaultBuildExecuter.execute(Lorg/gradle/api/internal/GradleInternal;I)V+37
j  org.gradle.execution.DefaultBuildExecuter.execute(Lorg/gradle/api/internal/GradleInternal;)V+3
j  org.gradle.initialization.DefaultGradleLauncher$4.run()V+14
j  org.gradle.internal.Factories$1.create()Ljava/lang/Object;+4
j  org.gradle.internal.progress.DefaultBuildOperationExecutor.run(Lorg/gradle/internal/progress/BuildOperationDetails;Lorg/gradle/internal/Factory;)Ljava/lang/Object;+171
j  org.gradle.internal.progress.DefaultBuildOperationExecutor.run(Ljava/lang/String;Ljava/lang/Runnable;)V+12
j  org.gradle.initialization.DefaultGradleLauncher.doBuildStages(Lorg/gradle/initialization/DefaultGradleLauncher$Stage;)V+85
j  org.gradle.initialization.DefaultGradleLauncher.access$200(Lorg/gradle/initialization/DefaultGradleLauncher;Lorg/gradle/initialization/DefaultGradleLauncher$Stage;)V+2
j  org.gradle.initialization.DefaultGradleLauncher$1.create()Lorg/gradle/BuildResult;+29
j  org.gradle.initialization.DefaultGradleLauncher$1.create()Ljava/lang/Object;+1
j  org.gradle.internal.progress.DefaultBuildOperationExecutor.run(Lorg/gradle/internal/progress/BuildOperationDetails;Lorg/gradle/internal/Factory;)Ljava/lang/Object;+171
j  org.gradle.internal.progress.DefaultBuildOperationExecutor.run(Ljava/lang/String;Lorg/gradle/internal/Factory;)Ljava/lang/Object;+9
j  org.gradle.initialization.DefaultGradleLauncher.doBuild(Lorg/gradle/initialization/DefaultGradleLauncher$Stage;)Lorg/gradle/BuildResult;+25
j  org.gradle.initialization.DefaultGradleLauncher.run()Lorg/gradle/BuildResult;+4
j  org.gradle.launcher.exec.InProcessBuildActionExecuter$DefaultBuildController.run()Lorg/gradle/api/internal/GradleInternal;+4
j  org.gradle.tooling.internal.provider.runner.BuildModelActionRunner.run(Lorg/gradle/internal/invocation/BuildAction;Lorg/gradle/internal/invocation/BuildController;)V+29
j  org.gradle.launcher.exec.ChainingBuildActionRunner.run(Lorg/gradle/internal/invocation/BuildAction;Lorg/gradle/internal/invocation/BuildController;)V+34
j  org.gradle.tooling.internal.provider.runner.SubscribableBuildActionRunner.run(Lorg/gradle/internal/invocation/BuildAction;Lorg/gradle/internal/invocation/BuildController;)V+37
j  org.gradle.launcher.exec.ChainingBuildActionRunner.run(Lorg/gradle/internal/invocation/BuildAction;Lorg/gradle/internal/invocation/BuildController;)V+34
j  org.gradle.launcher.exec.InProcessBuildActionExecuter.execute(Lorg/gradle/internal/invocation/BuildAction;Lorg/gradle/initialization/BuildRequestContext;Lorg/gradle/launcher/exec/BuildActionParameters;Lorg/gradle/internal/service/ServiceRegistry;)Ljava/lang/Object;+63
j  org.gradle.launcher.exec.InProcessBuildActionExecuter.execute(Lorg/gradle/internal/invocation/BuildAction;Lorg/gradle/initialization/BuildRequestContext;Ljava/lang/Object;Lorg/gradle/internal/service/ServiceRegistry;)Ljava/lang/Object;+9
j  org.gradle.launcher.exec.ContinuousBuildActionExecuter.execute(Lorg/gradle/internal/invocation/BuildAction;Lorg/gradle/initialization/BuildRequestContext;Lorg/gradle/launcher/exec/BuildActionParameters;Lorg/gradle/internal/service/ServiceRegistry;)Ljava/lang/Object;+70
j  org.gradle.launcher.exec.ContinuousBuildActionExecuter.execute(Lorg/gradle/internal/invocation/BuildAction;Lorg/gradle/initialization/BuildRequestContext;Ljava/lang/Object;Lorg/gradle/internal/service/ServiceRegistry;)Ljava/lang/Object;+9
j  org.gradle.launcher.daemon.server.exec.ExecuteBuild.doBuild(Lorg/gradle/launcher/daemon/server/api/DaemonCommandExecution;Lorg/gradle/launcher/daemon/protocol/Build;)V+74
j  org.gradle.launcher.daemon.server.exec.BuildCommandOnly.execute(Lorg/gradle/launcher/daemon/server/api/DaemonCommandExecution;)V+49
j  org.gradle.launcher.daemon.server.api.DaemonCommandExecution.proceed()Z+28
j  org.gradle.launcher.daemon.server.exec.WatchForDisconnection.execute(Lorg/gradle/launcher/daemon/server/api/DaemonCommandExecution;)V+19
j  org.gradle.launcher.daemon.server.api.DaemonCommandExecution.proceed()Z+28
j  org.gradle.launcher.daemon.server.exec.ResetDeprecationLogger.execute(Lorg/gradle/launcher/daemon/server/api/DaemonCommandExecution;)V+4
j  org.gradle.launcher.daemon.server.api.DaemonCommandExecution.proceed()Z+28
j  org.gradle.launcher.daemon.server.exec.RequestStopIfSingleUsedDaemon.execute(Lorg/gradle/launcher/daemon/server/api/DaemonCommandExecution;)V+31
j  org.gradle.launcher.daemon.server.api.DaemonCommandExecution.proceed()Z+28
j  org.gradle.launcher.daemon.server.exec.ForwardClientInput$2.call()Ljava/lang/Void;+4
j  org.gradle.launcher.daemon.server.exec.ForwardClientInput$2.call()Ljava/lang/Object;+1
j  org.gradle.util.Swapper.swap(Ljava/lang/Object;Ljava/util/concurrent/Callable;)Ljava/lang/Object;+21
j  org.gradle.launcher.daemon.server.exec.ForwardClientInput.execute(Lorg/gradle/launcher/daemon/server/api/DaemonCommandExecution;)V+63
j  org.gradle.launcher.daemon.server.api.DaemonCommandExecution.proceed()Z+28
j  org.gradle.launcher.daemon.server.health.DaemonHealthTracker.execute(Lorg/gradle/launcher/daemon/server/api/DaemonCommandExecution;)V+35
j  org.gradle.launcher.daemon.server.api.DaemonCommandExecution.proceed()Z+28
j  org.gradle.launcher.daemon.server.exec.LogToClient.doBuild(Lorg/gradle/launcher/daemon/server/api/DaemonCommandExecution;Lorg/gradle/launcher/daemon/protocol/Build;)V+97
j  org.gradle.launcher.daemon.server.exec.BuildCommandOnly.execute(Lorg/gradle/launcher/daemon/server/api/DaemonCommandExecution;)V+49
j  org.gradle.launcher.daemon.server.api.DaemonCommandExecution.proceed()Z+28
j  org.gradle.launcher.daemon.server.exec.EstablishBuildEnvironment.doBuild(Lorg/gradle/launcher/daemon/server/api/DaemonCommandExecution;Lorg/gradle/launcher/daemon/protocol/Build;)V+279
j  org.gradle.launcher.daemon.server.exec.BuildCommandOnly.execute(Lorg/gradle/launcher/daemon/server/api/DaemonCommandExecution;)V+49
j  org.gradle.launcher.daemon.server.api.DaemonCommandExecution.proceed()Z+28
j  org.gradle.launcher.daemon.server.health.HintGCAfterBuild.execute(Lorg/gradle/launcher/daemon/server/api/DaemonCommandExecution;)V+1
j  org.gradle.launcher.daemon.server.api.DaemonCommandExecution.proceed()Z+28
j  org.gradle.launcher.daemon.server.exec.StartBuildOrRespondWithBusy$1.run()V+44
j  org.gradle.launcher.daemon.server.DaemonStateCoordinator$1.run()V+4
j  org.gradle.internal.concurrent.ExecutorPolicy$CatchAndRecordFailures.onExecute(Ljava/lang/Runnable;)V+1
j  org.gradle.internal.concurrent.StoppableExecutorImpl$1.run()V+25
j  java.util.concurrent.ThreadPoolExecutor.runWorker(Ljava/util/concurrent/ThreadPoolExecutor$Worker;)V+95
j  java.util.concurrent.ThreadPoolExecutor$Worker.run()V+5
j  java.lang.Thread.run()V+11
v  ~StubRoutines::call_stub

---------------  P R O C E S S  ---------------

Java Threads: ( => current thread )
  0x00007fef14f6f000 JavaThread "process reaper" daemon [_thread_blocked, id=61187, stack(0x00007000052b7000,0x00007000052df000)]
  0x00007fef19614000 JavaThread "process reaper" daemon [_thread_blocked, id=60675, stack(0x000070000528c000,0x00007000052b4000)]
  0x00007fef14e9c800 JavaThread "process reaper" daemon [_thread_blocked, id=60163, stack(0x0000700005261000,0x0000700005289000)]
  0x00007fef14617800 JavaThread "process reaper" daemon [_thread_blocked, id=58627, stack(0x0000700005030000,0x0000700005058000)]
  0x00007fef146df800 JavaThread "process reaper" daemon [_thread_blocked, id=57091, stack(0x0000700004dff000,0x0000700004e27000)]
  0x00007fef1490d800 JavaThread "process reaper" daemon [_thread_blocked, id=55555, stack(0x0000700004bce000,0x0000700004bf6000)]
  0x00007fef16962800 JavaThread "process reaper" daemon [_thread_blocked, id=54019, stack(0x000070000499d000,0x00007000049c5000)]
  0x00007fef16c22000 JavaThread "process reaper" daemon [_thread_blocked, id=52483, stack(0x000070000476c000,0x0000700004794000)]
  0x00007fef16f14000 JavaThread "process reaper" daemon [_thread_blocked, id=50947, stack(0x000070000453b000,0x0000700004563000)]
  0x00007fef16abb000 JavaThread "process reaper" daemon [_thread_blocked, id=49411, stack(0x000070000430a000,0x0000700004332000)]
  0x00007fef16b00000 JavaThread "process reaper" daemon [_thread_blocked, id=47875, stack(0x00007000040d9000,0x0000700004101000)]
  0x00007fef16af0000 JavaThread "process reaper" daemon [_thread_blocked, id=46339, stack(0x0000700003ea8000,0x0000700003ed0000)]
  0x00007fef16a7c800 JavaThread "process reaper" daemon [_thread_blocked, id=44803, stack(0x0000700003c77000,0x0000700003c9f000)]
  0x00007fef18a19800 JavaThread "process reaper" daemon [_thread_blocked, id=43267, stack(0x0000700003a46000,0x0000700003a6e000)]
  0x00007fef169b0000 JavaThread "process reaper" daemon [_thread_blocked, id=41731, stack(0x0000700003815000,0x000070000383d000)]
  0x00007fef14ecb800 JavaThread "process reaper" daemon [_thread_blocked, id=40195, stack(0x00007000035e4000,0x000070000360c000)]
  0x00007fef17a59000 JavaThread "process reaper" daemon [_thread_blocked, id=38659, stack(0x00007000033b3000,0x00007000033db000)]
  0x00007fef1630a000 JavaThread "process reaper" daemon [_thread_blocked, id=29447, stack(0x00007000000ed000,0x0000700000115000)]
  0x00007fef16010000 JavaThread "process reaper" daemon [_thread_blocked, id=32007, stack(0x00007000000c2000,0x00007000000ea000)]
  0x00007fef14cda000 JavaThread "process reaper" daemon [_thread_blocked, id=33543, stack(0x0000700000097000,0x00007000000bf000)]
  0x00007fef16fe1800 JavaThread "pool-2-thread-4" [_thread_blocked, id=21267, stack(0x0000700001862000,0x0000700001962000)]
  0x00007fef16884000 JavaThread "pool-2-thread-3" [_thread_blocked, id=20499, stack(0x000070000175f000,0x000070000185f000)]
  0x00007fef16afc800 JavaThread "pool-2-thread-2" [_thread_blocked, id=28935, stack(0x000070000165c000,0x000070000175c000)]
  0x00007fef16bfa000 JavaThread "pool-2-thread-1" [_thread_blocked, id=28679, stack(0x0000700001456000,0x0000700001556000)]
  0x00007fef17dce000 JavaThread "Stdin handler" [_thread_blocked, id=28423, stack(0x0000700001353000,0x0000700001453000)]
=>0x00007fef16aae800 JavaThread "Daemon worker Thread 2" [_thread_in_native, id=28167, stack(0x0000700001250000,0x0000700001350000)]
  0x00007fef17da4800 JavaThread "Cancel handler" [_thread_blocked, id=23047, stack(0x000070000114d000,0x000070000124d000)]
  0x00007fef16ad3800 JavaThread "Handler for socket connection from /127.0.0.1:61589 to /127.0.0.1:59393" [_thread_in_native, id=21511, stack(0x000070000104a000,0x000070000114a000)]
  0x00007fef17e52800 JavaThread "Daemon Thread 2" [_thread_blocked, id=19975, stack(0x0000700000932000,0x0000700000a32000)]
  0x00007fef153c7000 JavaThread "File lock request listener" [_thread_in_native, id=22531, stack(0x0000700001559000,0x0000700001659000)]
  0x00007fef1596d800 JavaThread "Incoming local TCP Connector on port 61589" [_thread_in_native, id=19459, stack(0x0000700000f47000,0x0000700001047000)]
  0x00007fef15055800 JavaThread "Service Thread" daemon [_thread_blocked, id=18435, stack(0x0000700000d41000,0x0000700000e41000)]
  0x00007fef14819800 JavaThread "C2 CompilerThread1" daemon [_thread_blocked, id=17923, stack(0x0000700000c3e000,0x0000700000d3e000)]
  0x00007fef14802800 JavaThread "C2 CompilerThread0" daemon [_thread_in_native, id=17411, stack(0x0000700000b3b000,0x0000700000c3b000)]
  0x00007fef1480e800 JavaThread "Signal Dispatcher" daemon [_thread_blocked, id=15895, stack(0x0000700000a38000,0x0000700000b38000)]
  0x00007fef15047800 JavaThread "Finalizer" daemon [_thread_blocked, id=12803, stack(0x000070000082f000,0x000070000092f000)]
  0x00007fef15041800 JavaThread "Reference Handler" daemon [_thread_blocked, id=12291, stack(0x000070000072c000,0x000070000082c000)]
  0x00007fef14004000 JavaThread "main" [_thread_blocked, id=6403, stack(0x000070000011a000,0x000070000021a000)]

Other Threads:
  0x00007fef15806000 VMThread [stack: 0x0000700000629000,0x0000700000729000] [id=11779]
  0x00007fef1504b800 WatcherThread [stack: 0x0000700000e44000,0x0000700000f44000] [id=18947]

VM state:not at safepoint (normal execution)

VM Mutex/Monitor currently owned by a thread: None

Heap
 PSYoungGen      total 233472K, used 135472K [0x00000007eaa80000, 0x00000007fb980000, 0x0000000800000000)
  eden space 207872K, 56% used [0x00000007eaa80000,0x00000007f1d9e670,0x00000007f7580000)
  from space 25600K, 68% used [0x00000007fa080000,0x00000007fb1ad9f0,0x00000007fb980000)
  to   space 34816K, 0% used [0x00000007f7580000,0x00000007f7580000,0x00000007f9780000)
 ParOldGen       total 174592K, used 86344K [0x00000007c0000000, 0x00000007caa80000, 0x00000007eaa80000)
  object space 174592K, 49% used [0x00000007c0000000,0x00000007c5452028,0x00000007caa80000)
 PSPermGen       total 105472K, used 62733K [0x00000007b0000000, 0x00000007b6700000, 0x00000007c0000000)
  object space 105472K, 59% used [0x00000007b0000000,0x00000007b3d43528,0x00000007b6700000)

Card table byte_map: [0x000000010d766000,0x000000010d9e7000] byte_map_base: 0x00000001099e6000

Polling page: 0x00000001093f6000

Code Cache  [0x000000010a6a6000, 0x000000010aea6000, 0x000000010d6a6000)
 total_blobs=3011 nmethods=2325 adapters=639 free_code_cache=41090Kb largest_free_block=41977536

Compilation events (10 events):
Event: 227.056 Thread 0x00007fef14802800 nmethod 2521 0x000000010ae8bb90 code [0x000000010ae8bdc0, 0x000000010ae8beb8]
Event: 227.059 Thread 0x00007fef14819800 2522             com.sun.tools.javac.jvm.ClassFile::externalize (51 bytes)
Event: 227.061 Thread 0x00007fef14819800 nmethod 2522 0x000000010ae8e410 code [0x000000010ae8e560, 0x000000010ae8e818]
Event: 227.070 Thread 0x00007fef14802800 2523   !         sun.misc.Resource::getBytes (242 bytes)
Event: 227.089 Thread 0x00007fef14819800 2524   !         org.gradle.api.tasks.util.internal.CachingPatternSpecFactory$CachingSpec::isSatisfiedBy (54 bytes)
Event: 227.094 Thread 0x00007fef14819800 nmethod 2524 0x000000010ae8d750 code [0x000000010ae8d900, 0x000000010ae8dd98]
Event: 227.095 Thread 0x00007fef14819800 2525             org.gradle.api.tasks.util.internal.CachingPatternSpecFactory::access$400 (5 bytes)
Event: 227.095 Thread 0x00007fef14819800 nmethod 2525 0x000000010ae8d550 code [0x000000010ae8d680, 0x000000010ae8d6d8]
Event: 227.095 Thread 0x00007fef14819800 2526             org.gradle.api.tasks.util.internal.CachingPatternSpecFactory$CachingSpec$1::<init> (15 bytes)
Event: 227.096 Thread 0x00007fef14819800 nmethod 2526 0x000000010ae8d310 code [0x000000010ae8d440, 0x000000010ae8d4d8]

GC Heap History (10 events):
Event: 22.485 GC heap before
{Heap before GC invocations=15 (full 1):
 PSYoungGen      total 263680K, used 263180K [0x00000007eaa80000, 0x00000007fef80000, 0x0000000800000000)
  eden space 251904K, 100% used [0x00000007eaa80000,0x00000007fa080000,0x00000007fa080000)
  from space 11776K, 95% used [0x00000007faa80000,0x00000007fb583290,0x00000007fb600000)
  to   space 40448K, 0% used [0x00000007fc800000,0x00000007fc800000,0x00000007fef80000)
 ParOldGen       total 174592K, used 55957K [0x00000007c0000000, 0x00000007caa80000, 0x00000007eaa80000)
  object space 174592K, 32% used [0x00000007c0000000,0x00000007c36a5718,0x00000007caa80000)
 PSPermGen       total 105472K, used 55163K [0x00000007b0000000, 0x00000007b6700000, 0x00000007c0000000)
  object space 105472K, 52% used [0x00000007b0000000,0x00000007b35def28,0x00000007b6700000)
Event: 22.496 GC heap after
Heap after GC invocations=15 (full 1):
 PSYoungGen      total 270848K, used 11455K [0x00000007eaa80000, 0x00000007fe400000, 0x0000000800000000)
  eden space 242176K, 0% used [0x00000007eaa80000,0x00000007eaa80000,0x00000007f9700000)
  from space 28672K, 39% used [0x00000007fc800000,0x00000007fd32fca8,0x00000007fe400000)
  to   space 39424K, 0% used [0x00000007f9700000,0x00000007f9700000,0x00000007fbd80000)
 ParOldGen       total 174592K, used 62592K [0x00000007c0000000, 0x00000007caa80000, 0x00000007eaa80000)
  object space 174592K, 35% used [0x00000007c0000000,0x00000007c3d20350,0x00000007caa80000)
 PSPermGen       total 105472K, used 55163K [0x00000007b0000000, 0x00000007b6700000, 0x00000007c0000000)
  object space 105472K, 52% used [0x00000007b0000000,0x00000007b35def28,0x00000007b6700000)
}
Event: 25.503 GC heap before
{Heap before GC invocations=16 (full 1):
 PSYoungGen      total 270848K, used 253631K [0x00000007eaa80000, 0x00000007fe400000, 0x0000000800000000)
  eden space 242176K, 100% used [0x00000007eaa80000,0x00000007f9700000,0x00000007f9700000)
  from space 28672K, 39% used [0x00000007fc800000,0x00000007fd32fca8,0x00000007fe400000)
  to   space 39424K, 0% used [0x00000007f9700000,0x00000007f9700000,0x00000007fbd80000)
 ParOldGen       total 174592K, used 62592K [0x00000007c0000000, 0x00000007caa80000, 0x00000007eaa80000)
  object space 174592K, 35% used [0x00000007c0000000,0x00000007c3d20350,0x00000007caa80000)
 PSPermGen       total 105472K, used 57079K [0x00000007b0000000, 0x00000007b6700000, 0x00000007c0000000)
  object space 105472K, 54% used [0x00000007b0000000,0x00000007b37bdf50,0x00000007b6700000)
Event: 25.516 GC heap after
Heap after GC invocations=16 (full 1):
 PSYoungGen      total 244224K, used 10761K [0x00000007eaa80000, 0x00000007fd900000, 0x0000000800000000)
  eden space 232960K, 0% used [0x00000007eaa80000,0x00000007eaa80000,0x00000007f8e00000)
  from space 11264K, 95% used [0x00000007f9700000,0x00000007fa182600,0x00000007fa200000)
  to   space 38400K, 0% used [0x00000007fb380000,0x00000007fb380000,0x00000007fd900000)
 ParOldGen       total 174592K, used 67360K [0x00000007c0000000, 0x00000007caa80000, 0x00000007eaa80000)
  object space 174592K, 38% used [0x00000007c0000000,0x00000007c41c8068,0x00000007caa80000)
 PSPermGen       total 105472K, used 57079K [0x00000007b0000000, 0x00000007b6700000, 0x00000007c0000000)
  object space 105472K, 54% used [0x00000007b0000000,0x00000007b37bdf50,0x00000007b6700000)
}
Event: 223.655 GC heap before
{Heap before GC invocations=17 (full 1):
 PSYoungGen      total 244224K, used 243721K [0x00000007eaa80000, 0x00000007fd900000, 0x0000000800000000)
  eden space 232960K, 100% used [0x00000007eaa80000,0x00000007f8e00000,0x00000007f8e00000)
  from space 11264K, 95% used [0x00000007f9700000,0x00000007fa182600,0x00000007fa200000)
  to   space 38400K, 0% used [0x00000007fb380000,0x00000007fb380000,0x00000007fd900000)
 ParOldGen       total 174592K, used 67360K [0x00000007c0000000, 0x00000007caa80000, 0x00000007eaa80000)
  object space 174592K, 38% used [0x00000007c0000000,0x00000007c41c8068,0x00000007caa80000)
 PSPermGen       total 105472K, used 61504K [0x00000007b0000000, 0x00000007b6700000, 0x00000007c0000000)
  object space 105472K, 58% used [0x00000007b0000000,0x00000007b3c10140,0x00000007b6700000)
Event: 223.673 GC heap after
Heap after GC invocations=17 (full 1):
 PSYoungGen      total 250880K, used 12232K [0x00000007eaa80000, 0x00000007fcd80000, 0x0000000800000000)
  eden space 224256K, 0% used [0x00000007eaa80000,0x00000007eaa80000,0x00000007f8580000)
  from space 26624K, 45% used [0x00000007fb380000,0x00000007fbf72128,0x00000007fcd80000)
  to   space 36864K, 0% used [0x00000007f8580000,0x00000007f8580000,0x00000007fa980000)
 ParOldGen       total 174592K, used 74328K [0x00000007c0000000, 0x00000007caa80000, 0x00000007eaa80000)
  object space 174592K, 42% used [0x00000007c0000000,0x00000007c48960a0,0x00000007caa80000)
 PSPermGen       total 105472K, used 61504K [0x00000007b0000000, 0x00000007b6700000, 0x00000007c0000000)
  object space 105472K, 58% used [0x00000007b0000000,0x00000007b3c10140,0x00000007b6700000)
}
Event: 224.684 GC heap before
{Heap before GC invocations=18 (full 1):
 PSYoungGen      total 250880K, used 236488K [0x00000007eaa80000, 0x00000007fcd80000, 0x0000000800000000)
  eden space 224256K, 100% used [0x00000007eaa80000,0x00000007f8580000,0x00000007f8580000)
  from space 26624K, 45% used [0x00000007fb380000,0x00000007fbf72128,0x00000007fcd80000)
  to   space 36864K, 0% used [0x00000007f8580000,0x00000007f8580000,0x00000007fa980000)
 ParOldGen       total 174592K, used 74328K [0x00000007c0000000, 0x00000007caa80000, 0x00000007eaa80000)
  object space 174592K, 42% used [0x00000007c0000000,0x00000007c48960a0,0x00000007caa80000)
 PSPermGen       total 105472K, used 61527K [0x00000007b0000000, 0x00000007b6700000, 0x00000007c0000000)
  object space 105472K, 58% used [0x00000007b0000000,0x00000007b3c15fc8,0x00000007b6700000)
Event: 224.695 GC heap after
Heap after GC invocations=18 (full 1):
 PSYoungGen      total 225792K, used 9254K [0x00000007eaa80000, 0x00000007fc380000, 0x0000000800000000)
  eden space 216064K, 0% used [0x00000007eaa80000,0x00000007eaa80000,0x00000007f7d80000)
  from space 9728K, 95% used [0x00000007f8580000,0x00000007f8e89a40,0x00000007f8f00000)
  to   space 35840K, 0% used [0x00000007fa080000,0x00000007fa080000,0x00000007fc380000)
 ParOldGen       total 174592K, used 82216K [0x00000007c0000000, 0x00000007caa80000, 0x00000007eaa80000)
  object space 174592K, 47% used [0x00000007c0000000,0x00000007c504a0c0,0x00000007caa80000)
 PSPermGen       total 105472K, used 61527K [0x00000007b0000000, 0x00000007b6700000, 0x00000007c0000000)
  object space 105472K, 58% used [0x00000007b0000000,0x00000007b3c15fc8,0x00000007b6700000)
}
Event: 225.940 GC heap before
{Heap before GC invocations=19 (full 1):
 PSYoungGen      total 225792K, used 225318K [0x00000007eaa80000, 0x00000007fc380000, 0x0000000800000000)
  eden space 216064K, 100% used [0x00000007eaa80000,0x00000007f7d80000,0x00000007f7d80000)
  from space 9728K, 95% used [0x00000007f8580000,0x00000007f8e89a40,0x00000007f8f00000)
  to   space 35840K, 0% used [0x00000007fa080000,0x00000007fa080000,0x00000007fc380000)
 ParOldGen       total 174592K, used 82216K [0x00000007c0000000, 0x00000007caa80000, 0x00000007eaa80000)
  object space 174592K, 47% used [0x00000007c0000000,0x00000007c504a0c0,0x00000007caa80000)
 PSPermGen       total 105472K, used 61872K [0x00000007b0000000, 0x00000007b6700000, 0x00000007c0000000)
  object space 105472K, 58% used [0x00000007b0000000,0x00000007b3c6c320,0x00000007b6700000)
Event: 225.955 GC heap after
Heap after GC invocations=19 (full 1):
 PSYoungGen      total 233472K, used 17590K [0x00000007eaa80000, 0x00000007fb980000, 0x0000000800000000)
  eden space 207872K, 0% used [0x00000007eaa80000,0x00000007eaa80000,0x00000007f7580000)
  from space 25600K, 68% used [0x00000007fa080000,0x00000007fb1ad9f0,0x00000007fb980000)
  to   space 34816K, 0% used [0x00000007f7580000,0x00000007f7580000,0x00000007f9780000)
 ParOldGen       total 174592K, used 86344K [0x00000007c0000000, 0x00000007caa80000, 0x00000007eaa80000)
  object space 174592K, 49% used [0x00000007c0000000,0x00000007c5452028,0x00000007caa80000)
 PSPermGen       total 105472K, used 61872K [0x00000007b0000000, 0x00000007b6700000, 0x00000007c0000000)
  object space 105472K, 58% used [0x00000007b0000000,0x00000007b3c6c320,0x00000007b6700000)
}

Deoptimization events (10 events):
Event: 226.798 Thread 0x00007fef16aae800 Uncommon trap: reason=array_check action=maybe_recompile pc=0x000000010ae76ab4 method=java.util.ComparableTimSort.mergeHi(IIII)V @ 234
Event: 226.798 Thread 0x00007fef16aae800 Uncommon trap: reason=array_check action=maybe_recompile pc=0x000000010ae76ab4 method=java.util.ComparableTimSort.mergeHi(IIII)V @ 234
Event: 226.827 Thread 0x00007fef16aae800 Uncommon trap: reason=array_check action=maybe_recompile pc=0x000000010ae790d4 method=java.util.ComparableTimSort.mergeLo(IIII)V @ 203
Event: 226.828 Thread 0x00007fef16aae800 Uncommon trap: reason=array_check action=maybe_recompile pc=0x000000010ae790d4 method=java.util.ComparableTimSort.mergeLo(IIII)V @ 203
Event: 226.844 Thread 0x00007fef16aae800 Uncommon trap: reason=unloaded action=reinterpret pc=0x000000010adb7040 method=com.sun.tools.javac.jvm.ClassReader.readPool(I)Ljava/lang/Object; @ 409
Event: 226.971 Thread 0x00007fef16aae800 Uncommon trap: reason=unreached action=reinterpret pc=0x000000010ae7bebc method=com.sun.tools.javac.code.Scope.lookup(Lcom/sun/tools/javac/util/Name;Lcom/sun/tools/javac/util/Filter;)Lcom/sun/tools/javac/code/Scope$Entry; @ 30
Event: 226.985 Thread 0x00007fef16aae800 Uncommon trap: reason=unreached action=reinterpret pc=0x000000010adc16a8 method=com.sun.tools.javac.code.Scope.dble()V @ 44
Event: 227.003 Thread 0x00007fef16aae800 Uncommon trap: reason=unreached action=reinterpret pc=0x000000010ae8f374 method=com.sun.tools.javac.code.Scope.remove(Lcom/sun/tools/javac/code/Symbol;)V @ 28
Event: 227.012 Thread 0x00007fef16aae800 Uncommon trap: reason=unloaded action=reinterpret pc=0x000000010ae90ed8 method=com.sun.tools.javac.jvm.ClassReader.readPool(I)Ljava/lang/Object; @ 432
Event: 227.054 Thread 0x00007fef16aae800 Uncommon trap: reason=unreached action=reinterpret pc=0x000000010ae59144 method=com.sun.tools.javac.code.Scope.enter(Lcom/sun/tools/javac/code/Symbol;Lcom/sun/tools/javac/code/Scope;Lcom/sun/tools/javac/code/Scope;)V @ 114

Internal exceptions (10 events):
Event: 227.072 Thread 0x00007fef16aae800 Threw 0x00000007f1a1b638 at /HUDSON/workspace/7u-2-build-macosx-x86_64/jdk7u71/1605/hotspot/src/share/vm/prims/jvm.cpp:1281
Event: 227.072 Thread 0x00007fef16aae800 Threw 0x00000007f1a1f9a0 at /HUDSON/workspace/7u-2-build-macosx-x86_64/jdk7u71/1605/hotspot/src/share/vm/prims/jvm.cpp:1281
Event: 227.072 Thread 0x00007fef16aae800 Threw 0x00000007f1a20400 at /HUDSON/workspace/7u-2-build-macosx-x86_64/jdk7u71/1605/hotspot/src/share/vm/prims/jvm.cpp:1281
Event: 227.073 Thread 0x00007fef16aae800 Threw 0x00000007f1a25590 at /HUDSON/workspace/7u-2-build-macosx-x86_64/jdk7u71/1605/hotspot/src/share/vm/prims/jvm.cpp:1281
Event: 227.073 Thread 0x00007fef16aae800 Threw 0x00000007f1a26308 at /HUDSON/workspace/7u-2-build-macosx-x86_64/jdk7u71/1605/hotspot/src/share/vm/prims/jvm.cpp:1281
Event: 227.073 Thread 0x00007fef16aae800 Threw 0x00000007f1a2f5b8 at /HUDSON/workspace/7u-2-build-macosx-x86_64/jdk7u71/1605/hotspot/src/share/vm/prims/jvm.cpp:1281
Event: 227.075 Thread 0x00007fef16aae800 Threw 0x00000007f1a458a0 at /HUDSON/workspace/7u-2-build-macosx-x86_64/jdk7u71/1605/hotspot/src/share/vm/prims/jvm.cpp:1281
Event: 227.075 Thread 0x00007fef16aae800 Threw 0x00000007f1a46700 at /HUDSON/workspace/7u-2-build-macosx-x86_64/jdk7u71/1605/hotspot/src/share/vm/prims/jvm.cpp:1281
Event: 227.076 Thread 0x00007fef16aae800 Threw 0x00000007f1a4c738 at /HUDSON/workspace/7u-2-build-macosx-x86_64/jdk7u71/1605/hotspot/src/share/vm/prims/jvm.cpp:1281
Event: 227.076 Thread 0x00007fef16aae800 Threw 0x00000007f1a4d548 at /HUDSON/workspace/7u-2-build-macosx-x86_64/jdk7u71/1605/hotspot/src/share/vm/prims/jvm.cpp:1281

Events (10 events):
Event: 227.072 loading class 0x00007fef1704c5f0
Event: 227.072 loading class 0x00007fef1704c5f0 done
Event: 227.073 loading class 0x00007fef17456760
Event: 227.073 loading class 0x00007fef17456760 done
Event: 227.073 loading class 0x00007fef170e9650
Event: 227.073 loading class 0x00007fef170e9650 done
Event: 227.075 loading class 0x00007fef13fa8530
Event: 227.075 loading class 0x00007fef13fa8530 done
Event: 227.076 loading class 0x00007fef13fa5900
Event: 227.076 loading class 0x00007fef13fa5900 done


Dynamic libraries:
0x0000000001f6e000 	/System/Library/Frameworks/Cocoa.framework/Versions/A/Cocoa
0x0000000001f6e000 	/System/Library/Frameworks/Security.framework/Versions/A/Security
0x0000000001f6e000 	/System/Library/Frameworks/ApplicationServices.framework/Versions/A/ApplicationServices
0x0000000001f6e000 	/usr/lib/libz.1.dylib
0x0000000001f6e000 	/usr/lib/libSystem.B.dylib
0x0000000001f6e000 	/usr/lib/libobjc.A.dylib
0x0000000001f6e000 	/System/Library/Frameworks/CoreFoundation.framework/Versions/A/CoreFoundation
0x0000000001f6e000 	/System/Library/Frameworks/Foundation.framework/Versions/C/Foundation
0x0000000001f6e000 	/System/Library/Frameworks/AppKit.framework/Versions/C/AppKit
0x0000000001f6e000 	/System/Library/Frameworks/CoreData.framework/Versions/A/CoreData
0x0000000001f6e000 	/System/Library/PrivateFrameworks/RemoteViewServices.framework/Versions/A/RemoteViewServices
0x0000000001f6e000 	/System/Library/PrivateFrameworks/UIFoundation.framework/Versions/A/UIFoundation
0x0000000001f6e000 	/usr/lib/libScreenReader.dylib
0x0000000001f6e000 	/System/Library/Frameworks/Accelerate.framework/Versions/A/Accelerate
0x0000000001f6e000 	/System/Library/Frameworks/IOSurface.framework/Versions/A/IOSurface
0x0000000001f6e000 	/System/Library/Frameworks/AudioToolbox.framework/Versions/A/AudioToolbox
0x0000000001f6e000 	/System/Library/Frameworks/AudioUnit.framework/Versions/A/AudioUnit
0x0000000001f6e000 	/System/Library/PrivateFrameworks/DataDetectorsCore.framework/Versions/A/DataDetectorsCore
0x0000000001f6e000 	/System/Library/PrivateFrameworks/DesktopServicesPriv.framework/Versions/A/DesktopServicesPriv
0x0000000001f6e000 	/System/Library/Frameworks/Carbon.framework/Versions/A/Frameworks/HIToolbox.framework/Versions/A/HIToolbox
0x0000000001f6e000 	/System/Library/Frameworks/QuartzCore.framework/Versions/A/QuartzCore
0x0000000001f6e000 	/System/Library/Frameworks/Carbon.framework/Versions/A/Frameworks/SpeechRecognition.framework/Versions/A/SpeechRecognition
0x0000000001f6e000 	/usr/lib/libauto.dylib
0x0000000001f6e000 	/usr/lib/libicucore.A.dylib
0x0000000001f6e000 	/usr/lib/libxml2.2.dylib
0x0000000001f6e000 	/System/Library/PrivateFrameworks/CoreUI.framework/Versions/A/CoreUI
0x0000000001f6e000 	/System/Library/Frameworks/CoreAudio.framework/Versions/A/CoreAudio
0x0000000001f6e000 	/System/Library/Frameworks/DiskArbitration.framework/Versions/A/DiskArbitration
0x0000000001f6e000 	/usr/lib/liblangid.dylib
0x0000000001f6e000 	/System/Library/PrivateFrameworks/MultitouchSupport.framework/Versions/A/MultitouchSupport
0x0000000001f6e000 	/System/Library/Frameworks/IOKit.framework/Versions/A/IOKit
0x0000000001f6e000 	/usr/lib/libDiagnosticMessagesClient.dylib
0x0000000001f6e000 	/System/Library/Frameworks/CoreServices.framework/Versions/A/CoreServices
0x0000000001f6e000 	/System/Library/PrivateFrameworks/PerformanceAnalysis.framework/Versions/A/PerformanceAnalysis
0x0000000001f6e000 	/System/Library/PrivateFrameworks/GenerationalStorage.framework/Versions/A/GenerationalStorage
0x0000000001f6e000 	/System/Library/Frameworks/OpenGL.framework/Versions/A/OpenGL
0x0000000001f6e000 	/System/Library/PrivateFrameworks/Sharing.framework/Versions/A/Sharing
0x0000000001f6e000 	/System/Library/Frameworks/CoreGraphics.framework/Versions/A/CoreGraphics
0x0000000001f6e000 	/System/Library/Frameworks/CoreImage.framework/Versions/A/CoreImage
0x0000000001f6e000 	/System/Library/Frameworks/CoreText.framework/Versions/A/CoreText
0x0000000001f6e000 	/System/Library/Frameworks/ImageIO.framework/Versions/A/ImageIO
0x0000000001f6e000 	/System/Library/PrivateFrameworks/Backup.framework/Versions/A/Backup
0x0000000001f6e000 	/usr/lib/libextension.dylib
0x0000000001f6e000 	/usr/lib/libarchive.2.dylib
0x0000000001f6e000 	/System/Library/Frameworks/CFNetwork.framework/Versions/A/CFNetwork
0x0000000001f6e000 	/System/Library/Frameworks/SystemConfiguration.framework/Versions/A/SystemConfiguration
0x0000000001f6e000 	/usr/lib/libCRFSuite.dylib
0x0000000001f6e000 	/usr/lib/libc++.1.dylib
0x0000000001f6e000 	/usr/lib/libc++abi.dylib
0x0000000001f6e000 	/usr/lib/system/libcache.dylib
0x0000000001f6e000 	/usr/lib/system/libcommonCrypto.dylib
0x0000000001f6e000 	/usr/lib/system/libcompiler_rt.dylib
0x0000000001f6e000 	/usr/lib/system/libcopyfile.dylib
0x0000000001f6e000 	/usr/lib/system/libcorecrypto.dylib
0x0000000001f6e000 	/usr/lib/system/libdispatch.dylib
0x0000000001f6e000 	/usr/lib/system/libdyld.dylib
0x0000000001f6e000 	/usr/lib/system/libkeymgr.dylib
0x0000000001f6e000 	/usr/lib/system/liblaunch.dylib
0x0000000001f6e000 	/usr/lib/system/libmacho.dylib
0x0000000001f6e000 	/usr/lib/system/libquarantine.dylib
0x0000000001f6e000 	/usr/lib/system/libremovefile.dylib
0x0000000001f6e000 	/usr/lib/system/libsystem_asl.dylib
0x0000000001f6e000 	/usr/lib/system/libsystem_blocks.dylib
0x0000000001f6e000 	/usr/lib/system/libsystem_c.dylib
0x0000000001f6e000 	/usr/lib/system/libsystem_configuration.dylib
0x0000000001f6e000 	/usr/lib/system/libsystem_coreservices.dylib
0x0000000001f6e000 	/usr/lib/system/libsystem_coretls.dylib
0x0000000001f6e000 	/usr/lib/system/libsystem_dnssd.dylib
0x0000000001f6e000 	/usr/lib/system/libsystem_info.dylib
0x0000000001f6e000 	/usr/lib/system/libsystem_kernel.dylib
0x0000000001f6e000 	/usr/lib/system/libsystem_m.dylib
0x0000000001f6e000 	/usr/lib/system/libsystem_malloc.dylib
0x0000000001f6e000 	/usr/lib/system/libsystem_network.dylib
0x0000000001f6e000 	/usr/lib/system/libsystem_networkextension.dylib
0x0000000001f6e000 	/usr/lib/system/libsystem_notify.dylib
0x0000000001f6e000 	/usr/lib/system/libsystem_platform.dylib
0x0000000001f6e000 	/usr/lib/system/libsystem_pthread.dylib
0x0000000001f6e000 	/usr/lib/system/libsystem_sandbox.dylib
0x0000000001f6e000 	/usr/lib/system/libsystem_secinit.dylib
0x0000000001f6e000 	/usr/lib/system/libsystem_trace.dylib
0x0000000001f6e000 	/usr/lib/system/libunc.dylib
0x0000000001f6e000 	/usr/lib/system/libunwind.dylib
0x0000000001f6e000 	/usr/lib/system/libxpc.dylib
0x0000000001f6e000 	/usr/lib/libenergytrace.dylib
0x0000000001f6e000 	/usr/lib/libbsm.0.dylib
0x0000000001f6e000 	/usr/lib/system/libkxld.dylib
0x0000000001f6e000 	/usr/lib/libxar.1.dylib
0x0000000001f6e000 	/usr/lib/libsqlite3.dylib
0x0000000001f6e000 	/usr/lib/libpam.2.dylib
0x0000000001f6e000 	/usr/lib/libOpenScriptingUtil.dylib
0x0000000001f6e000 	/usr/lib/libbz2.1.0.dylib
0x0000000001f6e000 	/usr/lib/liblzma.5.dylib
0x0000000001f6e000 	/System/Library/Frameworks/CoreServices.framework/Versions/A/Frameworks/FSEvents.framework/Versions/A/FSEvents
0x0000000001f6e000 	/System/Library/Frameworks/CoreServices.framework/Versions/A/Frameworks/CarbonCore.framework/Versions/A/CarbonCore
0x0000000001f6e000 	/System/Library/Frameworks/CoreServices.framework/Versions/A/Frameworks/Metadata.framework/Versions/A/Metadata
0x0000000001f6e000 	/System/Library/Frameworks/CoreServices.framework/Versions/A/Frameworks/OSServices.framework/Versions/A/OSServices
0x0000000001f6e000 	/System/Library/Frameworks/CoreServices.framework/Versions/A/Frameworks/SearchKit.framework/Versions/A/SearchKit
0x0000000001f6e000 	/System/Library/Frameworks/CoreServices.framework/Versions/A/Frameworks/AE.framework/Versions/A/AE
0x0000000001f6e000 	/System/Library/Frameworks/CoreServices.framework/Versions/A/Frameworks/LaunchServices.framework/Versions/A/LaunchServices
0x0000000001f6e000 	/System/Library/Frameworks/CoreServices.framework/Versions/A/Frameworks/DictionaryServices.framework/Versions/A/DictionaryServices
0x0000000001f6e000 	/System/Library/Frameworks/CoreServices.framework/Versions/A/Frameworks/SharedFileList.framework/Versions/A/SharedFileList
0x0000000001f6e000 	/System/Library/Frameworks/NetFS.framework/Versions/A/NetFS
0x0000000001f6e000 	/System/Library/PrivateFrameworks/NetAuth.framework/Versions/A/NetAuth
0x0000000001f6e000 	/System/Library/PrivateFrameworks/login.framework/Versions/A/Frameworks/loginsupport.framework/Versions/A/loginsupport
0x0000000001f6e000 	/System/Library/PrivateFrameworks/TCC.framework/Versions/A/TCC
0x0000000001f6e000 	/usr/lib/libmecabra.dylib
0x0000000001f6e000 	/System/Library/Frameworks/ApplicationServices.framework/Versions/A/Frameworks/ATS.framework/Versions/A/ATS
0x0000000001f6e000 	/System/Library/Frameworks/ApplicationServices.framework/Versions/A/Frameworks/ColorSync.framework/Versions/A/ColorSync
0x0000000001f6e000 	/System/Library/Frameworks/ApplicationServices.framework/Versions/A/Frameworks/HIServices.framework/Versions/A/HIServices
0x0000000001f6e000 	/System/Library/Frameworks/ApplicationServices.framework/Versions/A/Frameworks/LangAnalysis.framework/Versions/A/LangAnalysis
0x0000000001f6e000 	/System/Library/Frameworks/ApplicationServices.framework/Versions/A/Frameworks/PrintCore.framework/Versions/A/PrintCore
0x0000000001f6e000 	/System/Library/Frameworks/ApplicationServices.framework/Versions/A/Frameworks/QD.framework/Versions/A/QD
0x0000000001f6e000 	/System/Library/Frameworks/ApplicationServices.framework/Versions/A/Frameworks/SpeechSynthesis.framework/Versions/A/SpeechSynthesis
0x0000000001f6e000 	/System/Library/Frameworks/Metal.framework/Versions/A/Metal
0x0000000001f6e000 	/System/Library/Frameworks/Accelerate.framework/Versions/A/Frameworks/vImage.framework/Versions/A/vImage
0x0000000001f6e000 	/System/Library/Frameworks/Accelerate.framework/Versions/A/Frameworks/vecLib.framework/Versions/A/vecLib
0x0000000001f6e000 	/System/Library/Frameworks/Accelerate.framework/Versions/A/Frameworks/vecLib.framework/Versions/A/libvDSP.dylib
0x0000000001f6e000 	/System/Library/Frameworks/Accelerate.framework/Versions/A/Frameworks/vecLib.framework/Versions/A/libvMisc.dylib
0x0000000001f6e000 	/System/Library/Frameworks/Accelerate.framework/Versions/A/Frameworks/vecLib.framework/Versions/A/libLAPACK.dylib
0x0000000001f6e000 	/System/Library/Frameworks/Accelerate.framework/Versions/A/Frameworks/vecLib.framework/Versions/A/libBLAS.dylib
0x0000000001f6e000 	/System/Library/Frameworks/Accelerate.framework/Versions/A/Frameworks/vecLib.framework/Versions/A/libLinearAlgebra.dylib
0x0000000001f6e000 	/System/Library/Frameworks/Accelerate.framework/Versions/A/Frameworks/vecLib.framework/Versions/A/libSparseBLAS.dylib
0x0000000001f6e000 	/System/Library/PrivateFrameworks/GPUCompiler.framework/libmetal_timestamp.dylib
0x0000000001f6e000 	/System/Library/Frameworks/OpenGL.framework/Versions/A/Libraries/libCoreFSCache.dylib
0x0000000001f6e000 	/System/Library/PrivateFrameworks/IOAccelerator.framework/Versions/A/IOAccelerator
0x0000000001f6e000 	/System/Library/Frameworks/ApplicationServices.framework/Versions/A/Frameworks/ATS.framework/Versions/A/Resources/libFontParser.dylib
0x0000000001f6e000 	/System/Library/Frameworks/ApplicationServices.framework/Versions/A/Frameworks/ATS.framework/Versions/A/Resources/libFontRegistry.dylib
0x0000000001f6e000 	/System/Library/PrivateFrameworks/AppleVPA.framework/Versions/A/AppleVPA
0x0000000001f6e000 	/System/Library/PrivateFrameworks/AppleJPEG.framework/Versions/A/AppleJPEG
0x0000000001f6e000 	/System/Library/Frameworks/ImageIO.framework/Versions/A/Resources/libJPEG.dylib
0x0000000001f6e000 	/System/Library/Frameworks/ImageIO.framework/Versions/A/Resources/libTIFF.dylib
0x0000000001f6e000 	/System/Library/Frameworks/ImageIO.framework/Versions/A/Resources/libPng.dylib
0x0000000001f6e000 	/System/Library/Frameworks/ImageIO.framework/Versions/A/Resources/libGIF.dylib
0x0000000001f6e000 	/System/Library/Frameworks/ImageIO.framework/Versions/A/Resources/libJP2.dylib
0x0000000001f6e000 	/System/Library/Frameworks/ImageIO.framework/Versions/A/Resources/libRadiance.dylib
0x0000000001f6e000 	/System/Library/Frameworks/CoreVideo.framework/Versions/A/CoreVideo
0x0000000001f6e000 	/System/Library/Frameworks/OpenGL.framework/Versions/A/Libraries/libGLU.dylib
0x0000000001f6e000 	/System/Library/Frameworks/OpenGL.framework/Versions/A/Libraries/libGFXShared.dylib
0x0000000001f6e000 	/System/Library/Frameworks/OpenGL.framework/Versions/A/Libraries/libGL.dylib
0x0000000001f6e000 	/System/Library/Frameworks/OpenGL.framework/Versions/A/Libraries/libGLImage.dylib
0x0000000001f6e000 	/System/Library/Frameworks/OpenGL.framework/Versions/A/Libraries/libCVMSPluginSupport.dylib
0x0000000001f6e000 	/System/Library/Frameworks/OpenGL.framework/Versions/A/Libraries/libCoreVMClient.dylib
0x0000000001f6e000 	/usr/lib/libcups.2.dylib
0x0000000001f6e000 	/System/Library/Frameworks/Kerberos.framework/Versions/A/Kerberos
0x0000000001f6e000 	/System/Library/Frameworks/GSS.framework/Versions/A/GSS
0x0000000001f6e000 	/usr/lib/libresolv.9.dylib
0x0000000001f6e000 	/usr/lib/libiconv.2.dylib
0x0000000001f6e000 	/System/Library/PrivateFrameworks/Heimdal.framework/Versions/A/Heimdal
0x0000000001f6e000 	/usr/lib/libheimdal-asn1.dylib
0x0000000001f6e000 	/System/Library/Frameworks/OpenDirectory.framework/Versions/A/OpenDirectory
0x0000000001f6e000 	/System/Library/PrivateFrameworks/CommonAuth.framework/Versions/A/CommonAuth
0x0000000001f6e000 	/System/Library/Frameworks/OpenDirectory.framework/Versions/A/Frameworks/CFOpenDirectory.framework/Versions/A/CFOpenDirectory
0x0000000001f6e000 	/System/Library/Frameworks/SecurityFoundation.framework/Versions/A/SecurityFoundation
0x0000000001f6e000 	/System/Library/PrivateFrameworks/LanguageModeling.framework/Versions/A/LanguageModeling
0x0000000001f6e000 	/usr/lib/libmarisa.dylib
0x0000000001f6e000 	/usr/lib/libChineseTokenizer.dylib
0x0000000001f6e000 	/usr/lib/libcmph.dylib
0x0000000001f6e000 	/usr/lib/libcompression.dylib
0x0000000001f6e000 	/System/Library/Frameworks/ServiceManagement.framework/Versions/A/ServiceManagement
0x0000000001f6e000 	/usr/lib/libxslt.1.dylib
0x0000000001f6e000 	/System/Library/Frameworks/Carbon.framework/Versions/A/Frameworks/Ink.framework/Versions/A/Ink
0x0000000001f6e000 	/usr/lib/libFosl_dynamic.dylib
0x0000000001f6e000 	/System/Library/PrivateFrameworks/FaceCore.framework/Versions/A/FaceCore
0x0000000001f6e000 	/System/Library/Frameworks/OpenCL.framework/Versions/A/OpenCL
0x0000000001f6e000 	/System/Library/PrivateFrameworks/CrashReporterSupport.framework/Versions/A/CrashReporterSupport
0x0000000001f6e000 	/System/Library/PrivateFrameworks/IconServices.framework/Versions/A/IconServices
0x0000000001f6e000 	/System/Library/PrivateFrameworks/Apple80211.framework/Versions/A/Apple80211
0x0000000001f6e000 	/System/Library/Frameworks/CoreWLAN.framework/Versions/A/CoreWLAN
0x0000000001f6e000 	/System/Library/Frameworks/IOBluetooth.framework/Versions/A/IOBluetooth
0x0000000001f6e000 	/System/Library/PrivateFrameworks/CoreWiFi.framework/Versions/A/CoreWiFi
0x0000000001f6e000 	/System/Library/Frameworks/CoreBluetooth.framework/Versions/A/CoreBluetooth
0x0000000001f6e000 	/System/Library/PrivateFrameworks/ChunkingLibrary.framework/Versions/A/ChunkingLibrary
0x0000000001f6e000 	/System/Library/PrivateFrameworks/DebugSymbols.framework/Versions/A/DebugSymbols
0x0000000001f6e000 	/System/Library/PrivateFrameworks/CoreSymbolication.framework/Versions/A/CoreSymbolication
0x0000000001f6e000 	/System/Library/PrivateFrameworks/Symbolication.framework/Versions/A/Symbolication
0x0000000001f6e000 	/System/Library/PrivateFrameworks/SpeechRecognitionCore.framework/Versions/A/SpeechRecognitionCore
0x0000000109c00000 	/Library/Java/JavaVirtualMachines/jdk1.7.0_71.jdk/Contents/Home/jre/lib/server/libjvm.dylib
0x000000010933f000 	/usr/lib/libstdc++.6.dylib
0x000000010a660000 	/Library/Java/JavaVirtualMachines/jdk1.7.0_71.jdk/Contents/Home/jre/lib/libverify.dylib
0x000000010a66d000 	/Library/Java/JavaVirtualMachines/jdk1.7.0_71.jdk/Contents/Home/jre/lib/libjava.dylib
0x000000010a69d000 	/Library/Java/JavaVirtualMachines/jdk1.7.0_71.jdk/Contents/Home/jre/lib/libzip.dylib
0x000000011190f000 	/System/Library/Frameworks/JavaVM.framework/Frameworks/JavaRuntimeSupport.framework/JavaRuntimeSupport
0x000000011192a000 	/System/Library/Frameworks/JavaVM.framework/Versions/A/Frameworks/JavaNativeFoundation.framework/Versions/A/JavaNativeFoundation
0x000000011193f000 	/System/Library/Frameworks/JavaVM.framework/Versions/A/JavaVM
0x0000000001f6e000 	/System/Library/Frameworks/Carbon.framework/Versions/A/Carbon
0x000000011194c000 	/System/Library/PrivateFrameworks/JavaLaunching.framework/Versions/A/JavaLaunching
0x0000000001f6e000 	/System/Library/Frameworks/Carbon.framework/Versions/A/Frameworks/CommonPanels.framework/Versions/A/CommonPanels
0x0000000001f6e000 	/System/Library/Frameworks/Carbon.framework/Versions/A/Frameworks/Help.framework/Versions/A/Help
0x0000000001f6e000 	/System/Library/Frameworks/Carbon.framework/Versions/A/Frameworks/ImageCapture.framework/Versions/A/ImageCapture
0x0000000001f6e000 	/System/Library/Frameworks/Carbon.framework/Versions/A/Frameworks/OpenScripting.framework/Versions/A/OpenScripting
0x0000000001f6e000 	/System/Library/Frameworks/Carbon.framework/Versions/A/Frameworks/Print.framework/Versions/A/Print
0x0000000001f6e000 	/System/Library/Frameworks/Carbon.framework/Versions/A/Frameworks/SecurityHI.framework/Versions/A/SecurityHI
0x00000001134a2000 	/Library/Java/JavaVirtualMachines/jdk1.7.0_71.jdk/Contents/Home/jre/lib/libnet.dylib
0x0000000113500000 	/Library/Java/JavaVirtualMachines/jdk1.7.0_71.jdk/Contents/Home/jre/lib/libnio.dylib
0x000000011350f000 	/Users/phil/.gradle/native/19/osx-amd64/libnative-platform.dylib
0x00000001137a2000 	/Library/Java/JavaVirtualMachines/jdk1.7.0_71.jdk/Contents/Home/jre/lib/libmanagement.dylib
0x0000000113cb2000 	/Library/Java/JavaVirtualMachines/jdk1.7.0_71.jdk/Contents/Home/jre/lib/libsunec.dylib

VM Arguments:
jvm_args: -XX:MaxPermSize=256m -XX:+HeapDumpOnOutOfMemoryError -Xmx1024m -Dfile.encoding=UTF-8 -Duser.country=US -Duser.language=en -Duser.variant 
java_command: org.gradle.launcher.daemon.bootstrap.GradleDaemon 2.10
Launcher Type: SUN_STANDARD

Environment Variables:
PATH=/usr/bin:/bin:/usr/sbin:/sbin
SHELL=/bin/bash
DISPLAY=/private/tmp/com.apple.launchd.vyE2bmMhjI/org.macosforge.xquartz:0

Signal Handlers:
SIGSEGV: [libjvm.dylib+0x52c49d], sa_mask[0]=0xfffefeff, sa_flags=0x00000043
SIGBUS: [libjvm.dylib+0x52c49d], sa_mask[0]=0xfffefeff, sa_flags=0x00000042
SIGFPE: [libjvm.dylib+0x41e53a], sa_mask[0]=0xfffefeff, sa_flags=0x00000042
SIGPIPE: [libjvm.dylib+0x41e53a], sa_mask[0]=0xfffefeff, sa_flags=0x00000042
SIGXFSZ: [libjvm.dylib+0x41e53a], sa_mask[0]=0xfffefeff, sa_flags=0x00000042
SIGILL: [libjvm.dylib+0x41e53a], sa_mask[0]=0xfffefeff, sa_flags=0x00000042
SIGUSR1: SIG_DFL, sa_mask[0]=0x00000000, sa_flags=0x00000000
SIGUSR2: [libjvm.dylib+0x41e02c], sa_mask[0]=0x00000004, sa_flags=0x00000042
SIGHUP: [libjvm.dylib+0x41c2bd], sa_mask[0]=0xfffefeff, sa_flags=0x00000042
SIGINT: [libjvm.dylib+0x41c2bd], sa_mask[0]=0xfffefeff, sa_flags=0x00000042
SIGTERM: [libjvm.dylib+0x41c2bd], sa_mask[0]=0xfffefeff, sa_flags=0x00000042
SIGQUIT: [libjvm.dylib+0x41c2bd], sa_mask[0]=0xfffefeff, sa_flags=0x00000042


---------------  S Y S T E M  ---------------

OS:Bsduname:Darwin 15.2.0 Darwin Kernel Version 15.2.0: Fri Nov 13 19:56:56 PST 2015; root:xnu-3248.20.55~2/RELEASE_X86_64 x86_64
rlimit: STACK 8192k, CORE 0k, NPROC 709, NOFILE 10240, AS infinity
load average:1.40 1.89 2.06

CPU:total 4 (4 cores per cpu, 1 threads per core) family 6 model 60 stepping 3, cmov, cx8, fxsr, mmx, sse, sse2, sse3, ssse3, sse4.1, sse4.2, popcnt, avx, avx2, aes, erms, tsc, tscinvbit

Memory: 4k page, physical 16777216k(4194304k free)

/proc/meminfo:


vm_info: Java HotSpot(TM) 64-Bit Server VM (24.71-b01) for bsd-amd64 JRE (1.7.0_71-b14), built on Sep 26 2014 16:11:44 by "java_re" with gcc 4.2.1 (Based on Apple Inc. build 5658) (LLVM build 2336.11.00)

time: Thu Feb  4 15:17:51 2016
elapsed time: 227 seconds

